<?xml version="1.0" encoding="UTF-8"?>
<!-- Generated by org.testng.reporters.JUnitReportReporter -->
<testsuite hostname="DESKTOP-E6FGBUE" failures="0" tests="1" name="testCases.TC001_RegisterUser" time="3.310" errors="0" timestamp="2024-12-19T17:10:55 IST" skipped="0">
  <testcase classname="testCases.TC001_RegisterUser" name="verifyAccountRegistration" time="3.310"/>
</testsuite> <!-- testCases.TC001_RegisterUser -->
