<?xml version="1.0" encoding="UTF-8"?>
<!-- Generated by org.testng.reporters.JUnitReportReporter -->
<testsuite hostname="DESKTOP-E6FGBUE" failures="0" tests="2" name="testCases.TC003_DDT_LoginUser" time="13.971" errors="0" timestamp="2024-12-18T22:34:44 IST" skipped="0">
  <testcase classname="testCases.TC003_DDT_LoginUser" name="verifyUserLogin" time="11.258"/>
  <testcase classname="testCases.TC003_DDT_LoginUser" name="verifyUserLogin" time="2.713"/>
</testsuite> <!-- testCases.TC003_DDT_LoginUser -->
