<?xml version="1.0" encoding="UTF-8"?>
<!-- Generated by org.testng.reporters.JUnitReportReporter -->
<testsuite hostname="DESKTOP-E6FGBUE" failures="0" tests="1" name="testCases.TC001_RegisterUser" time="1.877" errors="0" timestamp="2024-12-20T20:23:49 IST" skipped="0">
  <testcase classname="testCases.TC001_RegisterUser" name="verifyAccountRegistration" time="1.877"/>
</testsuite> <!-- testCases.TC001_RegisterUser -->
